0 info it worked if it ends with ok
1 verbose cli [ 'D:\\Program Files\\nodejs\\node.exe',
1 verbose cli   'D:\\Program Files\\nodejs\\node_modules\\npm\\bin\\npm-cli.js',
1 verbose cli   'run',
1 verbose cli   'dist' ]
2 info using npm@4.0.5
3 info using node@v7.4.0
4 verbose run-script [ 'predist', 'dist', 'postdist' ]
5 info lifecycle JobTracker@0.8.6~predist: JobTracker@0.8.6
6 silly lifecycle JobTracker@0.8.6~predist: no script for predist, continuing
7 info lifecycle JobTracker@0.8.6~dist: JobTracker@0.8.6
8 verbose lifecycle JobTracker@0.8.6~dist: unsafe-perm in lifecycle true
9 verbose lifecycle JobTracker@0.8.6~dist: PATH: D:\Users\Vasil\AppData\Roaming\nvm\v7.4.0\node_modules\npm\bin\node-gyp-bin;D:\Users\Vasil\Documents\Repos\JobTracker\node_modules\.bin;D:\Program Files (x86)\cmder\bin;D:\Program Files (x86)\cmder\vendor\conemu-maximus5\ConEmu\Scripts;D:\Program Files (x86)\cmder\vendor\conemu-maximus5;D:\Program Files (x86)\cmder\vendor\conemu-maximus5\ConEmu;D:\Program Files (x86)\Python27\;D:\Program Files (x86)\Python27\Scripts;C:\WINDOWS\system32;C:\WINDOWS;C:\WINDOWS\System32\Wbem;C:\WINDOWS\System32\WindowsPowerShell\v1.0\;C:\Program Files\Microsoft SQL Server\130\Tools\Binn\;C:\Program Files\dotnet\;C:\Program Files\Git\cmd;D:\Program Files\LLVM\bin;C:\Program Files (x86)\GtkSharp\2.12\bin;D:\Users\Vasil\AppData\Roaming\nvm;D:\Program Files\nodejs;D:\Program Files\OpenVPN\bin;D:\Program Files\Uncrustify\;C:\Program Files (x86)\Windows Kits\8.1\Windows Performance Toolkit\;C:\Users\Vasil\AppData\Local\Microsoft\WindowsApps;C:\Users\Vasil\AppData\Local\atom\bin;D:\Program Files (x86)\Microsoft VS Code\bin;D:\Users\Vasil\AppData\Roaming\nvm;D:\Program Files\nodejs;C:\Users\Vasil\AppData\Local\Microsoft\WindowsApps;;D:\Program Files (x86)\cmder
10 verbose lifecycle JobTracker@0.8.6~dist: CWD: D:\Users\Vasil\Documents\Repos\JobTracker
11 silly lifecycle JobTracker@0.8.6~dist: Args: [ '/d /s /c', 'build' ]
12 silly lifecycle JobTracker@0.8.6~dist: Returned: code: 4294967295  signal: null
13 info lifecycle JobTracker@0.8.6~dist: Failed to exec dist script
14 verbose stack Error: JobTracker@0.8.6 dist: `build`
14 verbose stack Exit status 4294967295
14 verbose stack     at EventEmitter.<anonymous> (D:\Users\Vasil\AppData\Roaming\nvm\v7.4.0\node_modules\npm\lib\utils\lifecycle.js:279:16)
14 verbose stack     at emitTwo (events.js:106:13)
14 verbose stack     at EventEmitter.emit (events.js:191:7)
14 verbose stack     at ChildProcess.<anonymous> (D:\Users\Vasil\AppData\Roaming\nvm\v7.4.0\node_modules\npm\lib\utils\spawn.js:40:14)
14 verbose stack     at emitTwo (events.js:106:13)
14 verbose stack     at ChildProcess.emit (events.js:191:7)
14 verbose stack     at maybeClose (internal/child_process.js:885:16)
14 verbose stack     at Process.ChildProcess._handle.onexit (internal/child_process.js:226:5)
15 verbose pkgid JobTracker@0.8.6
16 verbose cwd D:\Users\Vasil\Documents\Repos\JobTracker
17 error Windows_NT 10.0.15063
18 error argv "D:\\Program Files\\nodejs\\node.exe" "D:\\Program Files\\nodejs\\node_modules\\npm\\bin\\npm-cli.js" "run" "dist"
19 error node v7.4.0
20 error npm  v4.0.5
21 error code ELIFECYCLE
22 error JobTracker@0.8.6 dist: `build`
22 error Exit status 4294967295
23 error Failed at the JobTracker@0.8.6 dist script 'build'.
23 error Make sure you have the latest version of node.js and npm installed.
23 error If you do, this is most likely a problem with the JobTracker package,
23 error not with npm itself.
23 error Tell the author that this fails on your system:
23 error     build
23 error You can get information on how to open an issue for this project with:
23 error     npm bugs JobTracker
23 error Or if that isn't available, you can get their info via:
23 error     npm owner ls JobTracker
23 error There is likely additional logging output above.
24 verbose exit [ 1, true ]
